----------------------------------------
2020-04-22 13:27:18.004|Error|Category: NovaExchangeRateChecker.Repos.CQMobile.ExchangeRateRepo|Title:|Message: Unable to Fetch InstrumentSchedule List. Error : System.Data.SqlClient.SqlException (0x80131904): Could not find stored procedure 'dbo.Usp_NovaExchangeRateChecker_Fetch_ExchangeRateList'.
   at System.Data.SqlClient.SqlConnection.OnError(SqlException exception, Boolean breakConnection, Action`1 wrapCloseInAction)
   at System.Data.SqlClient.SqlInternalConnection.OnError(SqlException exception, Boolean breakConnection, Action`1 wrapCloseInAction)
   at System.Data.SqlClient.TdsParser.ThrowExceptionAndWarning(TdsParserStateObject stateObj, Boolean callerHasConnectionLock, Boolean asyncClose)
   at System.Data.SqlClient.TdsParser.TryRun(RunBehavior runBehavior, SqlCommand cmdHandler, SqlDataReader dataStream, BulkCopySimpleResultSet bulkCopyHandler, TdsParserStateObject stateObj, Boolean& dataReady)
   at System.Data.SqlClient.SqlDataReader.TryConsumeMetaData()
   at System.Data.SqlClient.SqlDataReader.get_MetaData()
   at System.Data.SqlClient.SqlCommand.FinishExecuteReader(SqlDataReader ds, RunBehavior runBehavior, String resetOptionsString, Boolean isInternal, Boolean forDescribeParameterEncryption, Boolean shouldCacheForAlwaysEncrypted)
   at System.Data.SqlClient.SqlCommand.RunExecuteReaderTds(CommandBehavior cmdBehavior, RunBehavior runBehavior, Boolean returnStream, Boolean async, Int32 timeout, Task& task, Boolean asyncWrite, Boolean inRetry, SqlDataReader ds, Boolean describeParameterEncryptionRequest)
   at System.Data.SqlClient.SqlCommand.RunExecuteReader(CommandBehavior cmdBehavior, RunBehavior runBehavior, Boolean returnStream, String method, TaskCompletionSource`1 completion, Int32 timeout, Task& task, Boolean& usedCache, Boolean asyncWrite, Boolean inRetry)
   at System.Data.SqlClient.SqlCommand.RunExecuteReader(CommandBehavior cmdBehavior, RunBehavior runBehavior, Boolean returnStream, String method)
   at System.Data.SqlClient.SqlCommand.ExecuteReader(CommandBehavior behavior, String method)
   at System.Data.SqlClient.SqlCommand.ExecuteReader()
   at NovaExchangeRateChecker.Repos.CQMobile.ExchangeRateRepo.GetExchangeRateList() in C:\Users\dalvintengyb\source\repos\NovaExchangeRateChecker\NovaExchangeRateChecker\Repos\CQMobile\ExchangeRateRepo.cs:line 30
ClientConnectionId:87cb427d-367e-4bc2-8f8d-0e404135ee5f
Error Number:2812,State:62,Class:16|ProcessId: 9008|Machine: PFPLDEV17|App Domain: NovaExchangeRateChecker.exe

----------------------------------------
----------------------------------------
2020-04-22 13:27:32.808|Error|Category: NovaExchangeRateChecker.Repos.CQMobile.ExchangeRateRepo|Title:|Message: Unable to Fetch InstrumentSchedule List. Error : System.Data.SqlClient.SqlException (0x80131904): Could not find stored procedure 'dbo.Usp_NovaExchangeRateChecker_Fetch_ExchangeRateList'.
   at System.Data.SqlClient.SqlConnection.OnError(SqlException exception, Boolean breakConnection, Action`1 wrapCloseInAction)
   at System.Data.SqlClient.SqlInternalConnection.OnError(SqlException exception, Boolean breakConnection, Action`1 wrapCloseInAction)
   at System.Data.SqlClient.TdsParser.ThrowExceptionAndWarning(TdsParserStateObject stateObj, Boolean callerHasConnectionLock, Boolean asyncClose)
   at System.Data.SqlClient.TdsParser.TryRun(RunBehavior runBehavior, SqlCommand cmdHandler, SqlDataReader dataStream, BulkCopySimpleResultSet bulkCopyHandler, TdsParserStateObject stateObj, Boolean& dataReady)
   at System.Data.SqlClient.SqlDataReader.TryConsumeMetaData()
   at System.Data.SqlClient.SqlDataReader.get_MetaData()
   at System.Data.SqlClient.SqlCommand.FinishExecuteReader(SqlDataReader ds, RunBehavior runBehavior, String resetOptionsString, Boolean isInternal, Boolean forDescribeParameterEncryption, Boolean shouldCacheForAlwaysEncrypted)
   at System.Data.SqlClient.SqlCommand.RunExecuteReaderTds(CommandBehavior cmdBehavior, RunBehavior runBehavior, Boolean returnStream, Boolean async, Int32 timeout, Task& task, Boolean asyncWrite, Boolean inRetry, SqlDataReader ds, Boolean describeParameterEncryptionRequest)
   at System.Data.SqlClient.SqlCommand.RunExecuteReader(CommandBehavior cmdBehavior, RunBehavior runBehavior, Boolean returnStream, String method, TaskCompletionSource`1 completion, Int32 timeout, Task& task, Boolean& usedCache, Boolean asyncWrite, Boolean inRetry)
   at System.Data.SqlClient.SqlCommand.RunExecuteReader(CommandBehavior cmdBehavior, RunBehavior runBehavior, Boolean returnStream, String method)
   at System.Data.SqlClient.SqlCommand.ExecuteReader(CommandBehavior behavior, String method)
   at System.Data.SqlClient.SqlCommand.ExecuteReader()
   at NovaExchangeRateChecker.Repos.CQMobile.ExchangeRateRepo.GetExchangeRateList() in C:\Users\dalvintengyb\source\repos\NovaExchangeRateChecker\NovaExchangeRateChecker\Repos\CQMobile\ExchangeRateRepo.cs:line 30
ClientConnectionId:559f52ac-c8e1-4f2b-b606-d69bcefe7d13
Error Number:2812,State:62,Class:16|ProcessId: 23240|Machine: PFPLDEV17|App Domain: NovaExchangeRateChecker.exe

----------------------------------------
